<?xml version="1.0" encoding="UTF-8"?>
<!-- Generated by org.testng.reporters.JUnitReportReporter -->
<testsuite hostname="sandhya" name="com.qa.rest.test.PutcallBDD" tests="1" failures="0" timestamp="19 Jan 2023 10:03:02 GMT" time="5.043" errors="0">
  <testcase name="testPUT" time="5.043" classname="com.qa.rest.test.PutcallBDD"/>
</testsuite> <!-- com.qa.rest.test.PutcallBDD -->
