<?xml version="1.0" encoding="UTF-8"?>
<!-- Generated by org.testng.reporters.JUnitReportReporter -->
<testsuite hostname="sandhya" name="com.qa.rest.test.DeletecallBDD" tests="1" failures="0" timestamp="19 Jan 2023 10:29:57 GMT" time="5.949" errors="0">
  <testcase name="DeleteEmployeeRecord" time="5.949" classname="com.qa.rest.test.DeletecallBDD"/>
</testsuite> <!-- com.qa.rest.test.DeletecallBDD -->
