<?xml version="1.0" encoding="UTF-8"?>
<!-- Generated by org.testng.reporters.JUnitReportReporter -->
<testsuite hostname="sandhya" name="com.qa.rest.test.GetcallBDD" tests="2" failures="0" timestamp="19 Jan 2023 10:00:05 GMT" time="12.971" errors="0">
  <testcase name="EmployeeMessageBody" time="5.934" classname="com.qa.rest.test.GetcallBDD"/>
  <testcase name="test_numofcirucuitsfor2017_season" time="7.037" classname="com.qa.rest.test.GetcallBDD"/>
</testsuite> <!-- com.qa.rest.test.GetcallBDD -->
