<?xml version="1.0" encoding="UTF-8"?>
<!-- Generated by org.testng.reporters.JUnitReportReporter -->
<testsuite hostname="sandhya" name="com.qa.rest.test.Postreq" tests="1" failures="0" timestamp="19 Jan 2023 10:01:56 GMT" time="7.148" errors="0">
  <testcase name="RegistrationSuccessful" time="7.148" classname="com.qa.rest.test.Postreq"/>
</testsuite> <!-- com.qa.rest.test.Postreq -->
